{
  "stats": {
    "suites": 1,
    "tests": 1,
    "passes": 0,
    "pending": 0,
    "failures": 1,
    "start": "2025-04-30T23:57:38.006Z",
    "end": "2025-04-30T23:58:07.589Z",
    "duration": 29583,
    "testsRegistered": 1,
    "passPercent": 0,
    "pendingPercent": 0,
    "other": 0,
    "hasOther": false,
    "skipped": 0,
    "hasSkipped": false
  },
  "results": [
    {
      "uuid": "b7ea6e9e-a7f7-41eb-99e0-2ed8a8c8ff37",
      "title": "",
      "fullFile": "cypress\\e2e\\login.cy.js",
      "file": "cypress\\e2e\\login.cy.js",
      "beforeHooks": [],
      "afterHooks": [],
      "tests": [],
      "suites": [
        {
          "uuid": "811bce44-0b5d-4c81-95c7-25f3c79560ed",
          "title": "Login automático com link de reset",
          "fullFile": "",
          "file": "",
          "beforeHooks": [],
          "afterHooks": [],
          "tests": [
            {
              "title": "Testes",
              "fullTitle": "Login automático com link de reset Testes",
              "timedOut": null,
              "duration": 5468,
              "state": "failed",
              "speed": null,
              "pass": false,
              "fail": true,
              "pending": false,
              "context": null,
              "code": "cy.visit('https://www.google.com');\ncy.contains('testes');",
              "err": {
                "message": "AssertionError: Timed out retrying after 4000ms: Expected to find content: 'testes' but never did.",
                "estack": "AssertionError: Timed out retrying after 4000ms: Expected to find content: 'testes' but never did.\n    at Context.eval (webpack://nova-pasta/./cypress/e2e/login.cy.js:6:9)",
                "diff": null
              },
              "uuid": "e1e9620d-d36a-45cd-9a83-350f87f94165",
              "parentUUID": "811bce44-0b5d-4c81-95c7-25f3c79560ed",
              "isHook": false,
              "skipped": false
            }
          ],
          "suites": [],
          "passes": [],
          "failures": [
            "e1e9620d-d36a-45cd-9a83-350f87f94165"
          ],
          "pending": [],
          "skipped": [],
          "duration": 5468,
          "root": false,
          "rootEmpty": false,
          "_timeout": 2000
        }
      ],
      "passes": [],
      "failures": [],
      "pending": [],
      "skipped": [],
      "duration": 0,
      "root": true,
      "rootEmpty": true,
      "_timeout": 2000
    }
  ],
  "meta": {
    "mocha": {
      "version": "7.2.0"
    },
    "mochawesome": {
      "options": {
        "quiet": false,
        "reportFilename": "mochawesome",
        "saveHtml": true,
        "saveJson": true,
        "consoleReporter": "spec",
        "useInlineDiffs": false,
        "code": true
      },
      "version": "7.1.3"
    },
    "marge": {
      "options": {
        "reportDir": "cypress/reports",
        "overwrite": false,
        "html": true,
        "json": true
      },
      "version": "6.2.0"
    }
  }
}